E:\WORKSPACE\KISA\LINXFACE\DEBUG\LINXFACE.DLL
E:\workspace\kisa\LinxFace\Debug\LinxFace.exp
E:\WORKSPACE\KISA\LINXFACE\DEBUG\LINXFACE.ILK
E:\workspace\kisa\LinxFace\Debug\LinxFace.lib
E:\WORKSPACE\KISA\LINXFACE\DEBUG\LINXFACE.PDB
E:\workspace\kisa\LinxFace\LinxFace\Debug\cl.command.1.tlog
E:\workspace\kisa\LinxFace\LinxFace\Debug\CL.read.1.tlog
E:\workspace\kisa\LinxFace\LinxFace\Debug\CL.write.1.tlog
E:\WORKSPACE\KISA\LINXFACE\LINXFACE\DEBUG\DLLMAIN.OBJ
E:\workspace\kisa\LinxFace\LinxFace\Debug\link.8060.read.1.tlog
E:\workspace\kisa\LinxFace\LinxFace\Debug\link.8060.write.1.tlog
E:\workspace\kisa\LinxFace\LinxFace\Debug\link.8060-cvtres.read.1.tlog
E:\workspace\kisa\LinxFace\LinxFace\Debug\link.8060-cvtres.write.1.tlog
E:\workspace\kisa\LinxFace\LinxFace\Debug\link.command.1.tlog
E:\workspace\kisa\LinxFace\LinxFace\Debug\link.read.1.tlog
E:\workspace\kisa\LinxFace\LinxFace\Debug\link.write.1.tlog
E:\workspace\kisa\LinxFace\LinxFace\Debug\link-cvtres.read.1.tlog
E:\workspace\kisa\LinxFace\LinxFace\Debug\link-cvtres.write.1.tlog
E:\WORKSPACE\KISA\LINXFACE\LINXFACE\DEBUG\LINXFACE.DLL.EMBED.MANIFEST
E:\WORKSPACE\KISA\LINXFACE\LINXFACE\DEBUG\LINXFACE.DLL.EMBED.MANIFEST.RES
E:\WORKSPACE\KISA\LINXFACE\LINXFACE\DEBUG\LINXFACE.DLL.INTERMEDIATE.MANIFEST
E:\WORKSPACE\KISA\LINXFACE\LINXFACE\DEBUG\LINXFACE.OBJ
E:\WORKSPACE\KISA\LINXFACE\LINXFACE\DEBUG\LINXFACE.PCH
E:\workspace\kisa\LinxFace\LinxFace\Debug\LinxFace.write.1.tlog
E:\workspace\kisa\LinxFace\LinxFace\Debug\LinxFace_manifest.rc
E:\workspace\kisa\LinxFace\LinxFace\Debug\mt.command.1.tlog
E:\workspace\kisa\LinxFace\LinxFace\Debug\mt.read.1.tlog
E:\workspace\kisa\LinxFace\LinxFace\Debug\mt.write.1.tlog
E:\workspace\kisa\LinxFace\LinxFace\Debug\rc.command.1.tlog
E:\workspace\kisa\LinxFace\LinxFace\Debug\rc.read.1.tlog
E:\workspace\kisa\LinxFace\LinxFace\Debug\rc.write.1.tlog
E:\WORKSPACE\KISA\LINXFACE\LINXFACE\DEBUG\STDAFX.OBJ
E:\workspace\kisa\LinxFace\LinxFace\Debug\vc100.idb
E:\WORKSPACE\KISA\LINXFACE\LINXFACE\DEBUG\VC100.PDB
