빌드 시작: 12/19/2016 5:20:31 PM
     1>2 노드의 "E:\workspace\kisa\LinxFace\LinxFace\LinxFace.vcxproj" 프로젝트(rebuild 대상)입니다.
     1>_PrepareForClean:
         "Release\LinxFace.lastbuildstate" 파일을 삭제하고 있습니다.
       InitializeBuildStatus:
         "AlwaysCreate"이(가) 지정되었기 때문에 "Release\LinxFace.unsuccessfulbuild"을(를) 만들고 있습니다.
       ClCompile:
         C:\Program Files (x86)\Microsoft Visual Studio 10.0\VC\bin\CL.exe /c /ID:\Neuro\Neurotec_Biometric_9_0_SDK\Include /IE:\software\opencv\build\include /Zi /nologo /W3 /WX- /O2 /Oi /Oy- /GL /D WIN32 /D NDEBUG /D _WINDOWS /D _USRDLL /D LINXFACE_EXPORTS /D _WINDLL /D _UNICODE /D UNICODE /Gm- /EHsc /MD /GS /Gy /fp:precise /Zc:wchar_t /Zc:forScope /Yc"StdAfx.h" /Fp"Release\LinxFace.pch" /Fo"Release\\" /Fd"Release\vc100.pdb" /Gd /TP /analyze- /errorReport:prompt stdafx.cpp
         stdafx.cpp
         C:\Program Files (x86)\Microsoft Visual Studio 10.0\VC\bin\CL.exe /c /ID:\Neuro\Neurotec_Biometric_9_0_SDK\Include /IE:\software\opencv\build\include /Zi /nologo /W3 /WX- /O2 /Oi /Oy- /GL /D WIN32 /D NDEBUG /D _WINDOWS /D _USRDLL /D LINXFACE_EXPORTS /D _WINDLL /D _UNICODE /D UNICODE /Gm- /EHsc /MD /GS /Gy /fp:precise /Zc:wchar_t /Zc:forScope /Fo"Release\\" /Fd"Release\vc100.pdb" /Gd /TP /analyze- /errorReport:prompt dllmain.cpp
         dllmain.cpp
         C:\Program Files (x86)\Microsoft Visual Studio 10.0\VC\bin\CL.exe /c /ID:\Neuro\Neurotec_Biometric_9_0_SDK\Include /IE:\software\opencv\build\include /Zi /nologo /W3 /WX- /O2 /Oi /Oy- /GL /D WIN32 /D NDEBUG /D _WINDOWS /D _USRDLL /D LINXFACE_EXPORTS /D _WINDLL /D _UNICODE /D UNICODE /Gm- /EHsc /MD /GS /Gy /fp:precise /Zc:wchar_t /Zc:forScope /Yu"StdAfx.h" /Fp"Release\LinxFace.pch" /Fo"Release\\" /Fd"Release\vc100.pdb" /Gd /TP /analyze- /errorReport:prompt LinxFace.cpp
         LinxFace.cpp
     1>LinxFace.cpp(38): warning C4244: 'return' : 'double'에서 'float'(으)로 변환하면서 데이터가 손실될 수 있습니다.
     1>LinxFace.cpp(201): warning C4996: 'localtime': This function or variable may be unsafe. Consider using localtime_s instead. To disable deprecation, use _CRT_SECURE_NO_WARNINGS. See online help for details.
                 C:\Program Files (x86)\Microsoft Visual Studio 10.0\VC\include\time.inl(112) : 'localtime' 선언을 참조하십시오.
       Link:
         C:\Program Files (x86)\Microsoft Visual Studio 10.0\VC\bin\link.exe /ERRORREPORT:PROMPT /OUT:"E:\workspace\kisa\LinxFace\Release\LinxFace.dll" /INCREMENTAL:NO /NOLOGO /LIBPATH:E:\software\opencv\build\x86\vc10\lib /LIBPATH:D:\Neuro\Neurotec_Biometric_9_0_SDK\Lib\Win32_x86 NBiometricClient.dll.lib NBiometrics.dll.lib NDevices.dll.lib NMedia.dll.lib NCore.dll.lib NLicensing.dll.lib opencv_core2411d.lib opencv_core2411.lib opencv_highgui2411d.lib opencv_highgui2411.lib opencv_imgproc2411d.lib opencv_imgproc2411.lib kernel32.lib user32.lib gdi32.lib winspool.lib comdlg32.lib advapi32.lib shell32.lib ole32.lib oleaut32.lib uuid.lib odbc32.lib odbccp32.lib /MANIFEST /ManifestFile:"Release\LinxFace.dll.intermediate.manifest" /MANIFESTUAC:"level='asInvoker' uiAccess='false'" /DEBUG /PDB:"E:\workspace\kisa\LinxFace\Release\LinxFace.pdb" /SUBSYSTEM:WINDOWS /OPT:REF /OPT:ICF /LTCG /TLBID:1 /DYNAMICBASE /NXCOMPAT /IMPLIB:"E:\workspace\kisa\LinxFace\Release\LinxFace.lib" /MACHINE:X86 /DLL Release\dllmain.obj
         Release\LinxFace.obj
         Release\stdafx.obj
            E:\workspace\kisa\LinxFace\Release\LinxFace.lib 라이브러리 및 E:\workspace\kisa\LinxFace\Release\LinxFace.exp 개체를 생성하고 있습니다.
         코드를 생성하고 있습니다.
         코드를 생성했습니다.
         LinxFace.vcxproj -> E:\workspace\kisa\LinxFace\Release\LinxFace.dll
       Manifest:
         C:\Program Files (x86)\Microsoft SDKs\Windows\v7.0A\bin\mt.exe /nologo /verbose /outputresource:"E:\workspace\kisa\LinxFace\Release\LinxFace.dll;#2" /manifest Release\LinxFace.dll.intermediate.manifest
       FinalizeBuildStatus:
         "Release\LinxFace.unsuccessfulbuild" 파일을 삭제하고 있습니다.
         "Release\LinxFace.lastbuildstate"에 연결(touching)하고 있습니다.
     1>"E:\workspace\kisa\LinxFace\LinxFace\LinxFace.vcxproj" 프로젝트를 빌드했습니다(rebuild 대상).

빌드했습니다.

경과 시간: 00:00:04.90
