E:\workspace\kisa\LinxFace\LinxFace\Release\cl.command.1.tlog
E:\workspace\kisa\LinxFace\LinxFace\Release\CL.read.1.tlog
E:\workspace\kisa\LinxFace\LinxFace\Release\CL.write.1.tlog
E:\WORKSPACE\KISA\LINXFACE\LINXFACE\RELEASE\DLLMAIN.OBJ
E:\workspace\kisa\LinxFace\LinxFace\Release\link.command.1.tlog
E:\workspace\kisa\LinxFace\LinxFace\Release\link.read.1.tlog
E:\workspace\kisa\LinxFace\LinxFace\Release\link.write.1.tlog
E:\WORKSPACE\KISA\LINXFACE\LINXFACE\RELEASE\LINXFACE.DLL.INTERMEDIATE.MANIFEST
E:\WORKSPACE\KISA\LINXFACE\LINXFACE\RELEASE\LINXFACE.OBJ
E:\WORKSPACE\KISA\LINXFACE\LINXFACE\RELEASE\LINXFACE.PCH
E:\workspace\kisa\LinxFace\LinxFace\Release\LinxFace.write.1.tlog
E:\workspace\kisa\LinxFace\LinxFace\Release\mt.command.1.tlog
E:\workspace\kisa\LinxFace\LinxFace\Release\mt.read.1.tlog
E:\workspace\kisa\LinxFace\LinxFace\Release\mt.write.1.tlog
E:\WORKSPACE\KISA\LINXFACE\LINXFACE\RELEASE\STDAFX.OBJ
E:\WORKSPACE\KISA\LINXFACE\LINXFACE\RELEASE\VC100.PDB
E:\WORKSPACE\KISA\LINXFACE\RELEASE\LINXFACE.DLL
E:\workspace\kisa\LinxFace\Release\LinxFace.exp
E:\workspace\kisa\LinxFace\Release\LinxFace.lib
E:\WORKSPACE\KISA\LINXFACE\RELEASE\LINXFACE.PDB
